<?xml version="1.0" encoding="UTF-8"?>
<!-- Generated by org.testng.reporters.JUnitXMLReporter -->
<testsuite hostname="BaharUddin" name="Default test" tests="3" failures="0" timestamp="26 Jan 2017 08:54:43 GMT" time="9.233" errors="0">
  <testcase name="checkTitle" time="2.694" classname="com.bahar.automation.test.HomeTest"/>
  <testcase name="checkMenu" time="0.396" classname="com.bahar.automation.test.HomeTest"/>
  <testcase name="checkLogin" time="4.355" classname="com.bahar.automation.test.HomeTest"/>
</testsuite> <!-- Default test -->
