<?xml version="1.0" encoding="UTF-8"?>
<!-- Generated by org.testng.reporters.JUnitXMLReporter -->
<testsuite hostname="BaharUddin" name="Default test" tests="3" failures="0" timestamp="25 Jan 2017 11:32:52 GMT" time="26.523" errors="0">
  <testcase name="checkTitle" time="0.037" classname="com.bahar.automation.test.HomeTest"/>
  <testcase name="checkMenu" time="0.408" classname="com.bahar.automation.test.HomeTest"/>
  <testcase name="checkLogin" time="21.856" classname="com.bahar.automation.test.HomeTest"/>
</testsuite> <!-- Default test -->
