<?xml version="1.0" encoding="UTF-8"?>
<!-- Generated by org.testng.reporters.JUnitXMLReporter -->
<testsuite hostname="BaharUddin" name="reservedFlight" tests="7" failures="0" timestamp="26 Jan 2017 10:47:32 GMT" time="23.366" errors="0">
  <testcase name="checkTitle" time="11.632" classname="com.bahar.automation.test.HomeTest"/>
  <testcase name="checkMenu" time="0.396" classname="com.bahar.automation.test.HomeTest"/>
  <testcase name="checkLogin" time="2.938" classname="com.bahar.automation.test.HomeTest"/>
  <testcase name="checkTitle" time="3.464" classname="com.bahar.automation.test.FindFlightTest"/>
  <testcase name="checkFlightDetails" time="2.228" classname="com.bahar.automation.test.FindFlightTest"/>
  <testcase name="checkTitle" time="0.752" classname="com.bahar.automation.test.SelectFlightTest"/>
  <testcase name="selectFlightDetails" time="0.249" classname="com.bahar.automation.test.SelectFlightTest"/>
</testsuite> <!-- reservedFlight -->
