<?xml version="1.0" encoding="UTF-8"?>
<testng-results skipped="0" failed="1" total="9" passed="8">
  <reporter-output>
  </reporter-output>
  <suite name="Suite1" duration-ms="46729" started-at="2017-01-27T07:05:19Z" finished-at="2017-01-27T07:06:06Z">
    <groups>
    </groups>
    <test name="reservedFlight" duration-ms="46729" started-at="2017-01-27T07:05:19Z" finished-at="2017-01-27T07:06:06Z">
      <class name="com.bahar.automation.test.FindFlightTest">
        <test-method status="PASS" signature="checkTitle()[pri:0, instance:com.bahar.automation.test.FindFlightTest@46d56d67]" name="checkTitle" duration-ms="2749" started-at="2017-01-27T13:05:37Z" finished-at="2017-01-27T13:05:40Z">
          <reporter-output>
          </reporter-output>
        </test-method> <!-- checkTitle -->
        <test-method status="PASS" signature="checkFlightDetails()[pri:0, instance:com.bahar.automation.test.FindFlightTest@46d56d67]" name="checkFlightDetails" duration-ms="2206" started-at="2017-01-27T13:05:40Z" finished-at="2017-01-27T13:05:42Z">
          <reporter-output>
          </reporter-output>
        </test-method> <!-- checkFlightDetails -->
      </class> <!-- com.bahar.automation.test.FindFlightTest -->
      <class name="com.bahar.automation.test.SelectFlightTest">
        <test-method status="PASS" signature="checkTitle()[pri:0, instance:com.bahar.automation.test.SelectFlightTest@28d25987]" name="checkTitle" duration-ms="748" started-at="2017-01-27T13:05:42Z" finished-at="2017-01-27T13:05:43Z">
          <reporter-output>
          </reporter-output>
        </test-method> <!-- checkTitle -->
        <test-method status="FAIL" signature="selectFlightDetails()[pri:0, instance:com.bahar.automation.test.SelectFlightTest@28d25987]" name="selectFlightDetails" duration-ms="207" started-at="2017-01-27T13:05:43Z" finished-at="2017-01-27T13:05:43Z">
          <exception class="org.openqa.selenium.NoSuchElementException">
            <message>
              <![CDATA[Unable to locate element: /html/body/div/table/tbody/tr/td[2]/table/tbody/tr[4]/td/table/tbody/tr/td[2]/table/tbody/tr[5]/td/form/p/input
For documentation on this error, please visit: http://seleniumhq.org/exceptions/no_such_element.html
Build info: version: '3.0.1', revision: '1969d75', time: '2016-10-18 09:49:13 -0700'
System info: host: 'BaharUddin', ip: '192.168.1.41', os.name: 'Windows 8.1', os.arch: 'amd64', os.version: '6.3', java.version: '1.8.0_51'
Driver info: org.openqa.selenium.firefox.FirefoxDriver
Capabilities [{rotatable=false, raisesAccessibilityExceptions=false, marionette=true, firefoxOptions={args=[], prefs={}}, appBuildId=20160922113459, moz:firefoxOptions={args=[], prefs={}}, version=, platform=XP, proxy={}, command_id=1, specificationLevel=0, acceptSslCerts=false, processId=7384, browserVersion=49.0.1, platformVersion=10.0, XULappId={ec8030f7-c20a-464f-9b0e-13a3a9e97384}, browserName=firefox, takesScreenshot=true, takesElementScreenshot=true, platformName=windows_nt, device=desktop}]
Session ID: 9a5de81e-a685-4ab6-900a-83eff3700498
*** Element info: {Using=xpath, value=/html/body/div/table/tbody/tr/td[2]/table/tbody/tr[4]/td/table/tbody/tr/td[2]/table/tbody/tr[5]/td/form/p/input}]]>
            </message>
            <full-stacktrace>
              <![CDATA[org.openqa.selenium.NoSuchElementException: Unable to locate element: /html/body/div/table/tbody/tr/td[2]/table/tbody/tr[4]/td/table/tbody/tr/td[2]/table/tbody/tr[5]/td/form/p/input
For documentation on this error, please visit: http://seleniumhq.org/exceptions/no_such_element.html
Build info: version: '3.0.1', revision: '1969d75', time: '2016-10-18 09:49:13 -0700'
System info: host: 'BaharUddin', ip: '192.168.1.41', os.name: 'Windows 8.1', os.arch: 'amd64', os.version: '6.3', java.version: '1.8.0_51'
Driver info: org.openqa.selenium.firefox.FirefoxDriver
Capabilities [{rotatable=false, raisesAccessibilityExceptions=false, marionette=true, firefoxOptions={args=[], prefs={}}, appBuildId=20160922113459, moz:firefoxOptions={args=[], prefs={}}, version=, platform=XP, proxy={}, command_id=1, specificationLevel=0, acceptSslCerts=false, processId=7384, browserVersion=49.0.1, platformVersion=10.0, XULappId={ec8030f7-c20a-464f-9b0e-13a3a9e97384}, browserName=firefox, takesScreenshot=true, takesElementScreenshot=true, platformName=windows_nt, device=desktop}]
Session ID: 9a5de81e-a685-4ab6-900a-83eff3700498
*** Element info: {Using=xpath, value=/html/body/div/table/tbody/tr/td[2]/table/tbody/tr[4]/td/table/tbody/tr/td[2]/table/tbody/tr[5]/td/form/p/input}
	at sun.reflect.NativeConstructorAccessorImpl.newInstance0(Native Method)
	at sun.reflect.NativeConstructorAccessorImpl.newInstance(Unknown Source)
	at sun.reflect.DelegatingConstructorAccessorImpl.newInstance(Unknown Source)
	at java.lang.reflect.Constructor.newInstance(Unknown Source)
	at org.openqa.selenium.remote.http.W3CHttpResponseCodec.createException(W3CHttpResponseCodec.java:127)
	at org.openqa.selenium.remote.http.W3CHttpResponseCodec.decode(W3CHttpResponseCodec.java:93)
	at org.openqa.selenium.remote.http.W3CHttpResponseCodec.decode(W3CHttpResponseCodec.java:42)
	at org.openqa.selenium.remote.HttpCommandExecutor.execute(HttpCommandExecutor.java:163)
	at org.openqa.selenium.remote.service.DriverCommandExecutor.execute(DriverCommandExecutor.java:82)
	at org.openqa.selenium.remote.RemoteWebDriver.execute(RemoteWebDriver.java:601)
	at org.openqa.selenium.remote.RemoteWebDriver.findElement(RemoteWebDriver.java:368)
	at org.openqa.selenium.remote.RemoteWebDriver.findElementByXPath(RemoteWebDriver.java:473)
	at org.openqa.selenium.By$ByXPath.findElement(By.java:361)
	at org.openqa.selenium.remote.RemoteWebDriver.findElement(RemoteWebDriver.java:360)
	at com.bahar.automation.test.SelectFlightTest.selectFlightDetails(SelectFlightTest.java:29)
	at sun.reflect.NativeMethodAccessorImpl.invoke0(Native Method)
	at sun.reflect.NativeMethodAccessorImpl.invoke(Unknown Source)
	at sun.reflect.DelegatingMethodAccessorImpl.invoke(Unknown Source)
	at java.lang.reflect.Method.invoke(Unknown Source)
	at org.testng.internal.MethodInvocationHelper.invokeMethod(MethodInvocationHelper.java:80)
	at org.testng.internal.Invoker.invokeMethod(Invoker.java:714)
	at org.testng.internal.Invoker.invokeTestMethod(Invoker.java:901)
	at org.testng.internal.Invoker.invokeTestMethods(Invoker.java:1231)
	at org.testng.internal.TestMethodWorker.invokeTestMethods(TestMethodWorker.java:127)
	at org.testng.internal.TestMethodWorker.run(TestMethodWorker.java:111)
	at org.testng.TestRunner.privateRun(TestRunner.java:767)
	at org.testng.TestRunner.run(TestRunner.java:617)
	at org.testng.SuiteRunner.runTest(SuiteRunner.java:334)
	at org.testng.SuiteRunner.runSequentially(SuiteRunner.java:329)
	at org.testng.SuiteRunner.privateRun(SuiteRunner.java:291)
	at org.testng.SuiteRunner.run(SuiteRunner.java:240)
	at org.testng.SuiteRunnerWorker.runSuite(SuiteRunnerWorker.java:52)
	at org.testng.SuiteRunnerWorker.run(SuiteRunnerWorker.java:86)
	at org.testng.TestNG.runSuitesSequentially(TestNG.java:1198)
	at org.testng.TestNG.runSuitesLocally(TestNG.java:1123)
	at org.testng.TestNG.run(TestNG.java:1031)
	at org.testng.remote.AbstractRemoteTestNG.run(AbstractRemoteTestNG.java:132)
	at org.testng.remote.RemoteTestNG.initAndRun(RemoteTestNG.java:236)
	at org.testng.remote.RemoteTestNG.main(RemoteTestNG.java:81)
]]>
            </full-stacktrace>
          </exception> <!-- org.openqa.selenium.NoSuchElementException -->
          <reporter-output>
          </reporter-output>
        </test-method> <!-- selectFlightDetails -->
      </class> <!-- com.bahar.automation.test.SelectFlightTest -->
      <class name="com.bahar.automation.test.HomeTest">
        <test-method status="PASS" signature="checkTitle()[pri:0, instance:com.bahar.automation.test.HomeTest@39aeed2f]" name="checkTitle" duration-ms="12459" started-at="2017-01-27T13:05:19Z" finished-at="2017-01-27T13:05:32Z">
          <reporter-output>
          </reporter-output>
        </test-method> <!-- checkTitle -->
        <test-method status="PASS" signature="checkMenu()[pri:0, instance:com.bahar.automation.test.HomeTest@39aeed2f]" name="checkMenu" duration-ms="426" started-at="2017-01-27T13:05:32Z" finished-at="2017-01-27T13:05:32Z">
          <reporter-output>
          </reporter-output>
        </test-method> <!-- checkMenu -->
        <test-method status="PASS" signature="checkLogin(java.util.List)[pri:0, instance:com.bahar.automation.test.HomeTest@39aeed2f]" name="checkLogin" duration-ms="3300" started-at="2017-01-27T13:05:34Z" data-provider="loginData" finished-at="2017-01-27T13:05:37Z">
          <params>
            <param index="0">
              <value>
                <![CDATA[[Login [userName=demo, password=demo]]]]>
              </value>
            </param>
          </params>
          <reporter-output>
          </reporter-output>
        </test-method> <!-- checkLogin -->
      </class> <!-- com.bahar.automation.test.HomeTest -->
      <class name="com.bahar.automation.test.BookFlightTest">
        <test-method status="PASS" signature="checkTitle()[pri:0, instance:com.bahar.automation.test.BookFlightTest@59fa1d9b]" name="checkTitle" duration-ms="19844" started-at="2017-01-27T13:05:43Z" finished-at="2017-01-27T13:06:03Z">
          <reporter-output>
          </reporter-output>
        </test-method> <!-- checkTitle -->
        <test-method status="PASS" signature="checkBookFlightDetails(java.util.List)[pri:0, instance:com.bahar.automation.test.BookFlightTest@59fa1d9b]" name="checkBookFlightDetails" duration-ms="3068" started-at="2017-01-27T13:06:03Z" data-provider="passengerData" finished-at="2017-01-27T13:06:06Z">
          <params>
            <param index="0">
              <value>
                <![CDATA[[Passenger [firstName=ruhan, lastName=uddin, meal=null, card=CreditCard [cardType=null, number=1.23456789E8, expirationMonth=null, expirationYear=null, firstName=ruhan, middleName=uddin, lastName=rahim], billingAddress=Address [address=1325 Dhaka, city=Dhaka, state=New York, postalCode=P4370, country=null], deliveryAddress=Address [address=1325 Chittagong, city=CTG, state=Dubai, postalCode=P4370, country=null]]]]]>
              </value>
            </param>
          </params>
          <reporter-output>
          </reporter-output>
        </test-method> <!-- checkBookFlightDetails -->
      </class> <!-- com.bahar.automation.test.BookFlightTest -->
    </test> <!-- reservedFlight -->
  </suite> <!-- Suite1 -->
</testng-results>
